<?xml version="1.0" encoding="UTF-8"?>
<testsuite name="com.tourguide.pricer.TourGuidePricerApplicationTests" tests="1" skipped="0" failures="0" errors="0" timestamp="2022-01-28T21:45:22" hostname="iMac-de-Admin.local" time="0.006">
  <properties/>
  <testcase name="contextLoads()" classname="com.tourguide.pricer.TourGuidePricerApplicationTests" time="0.006"/>
  <system-out><![CDATA[2022-01-28 22:45:22.979  INFO 823 --- [    Test worker] .b.t.c.SpringBootTestContextBootstrapper : Neither @ContextConfiguration nor @ContextHierarchy found for test class [com.tourguide.pricer.TourGuidePricerApplicationTests], using SpringBootContextLoader
2022-01-28 22:45:22.981  INFO 823 --- [    Test worker] o.s.t.c.support.AbstractContextLoader    : Could not detect default resource locations for test class [com.tourguide.pricer.TourGuidePricerApplicationTests]: no resource found for suffixes {-context.xml, Context.groovy}.
2022-01-28 22:45:22.981  INFO 823 --- [    Test worker] t.c.s.AnnotationConfigContextLoaderUtils : Could not detect default configuration classes for test class [com.tourguide.pricer.TourGuidePricerApplicationTests]: TourGuidePricerApplicationTests does not declare any static, non-private, non-final, nested classes annotated with @Configuration.
2022-01-28 22:45:22.982  INFO 823 --- [    Test worker] .b.t.c.SpringBootTestContextBootstrapper : Found @SpringBootConfiguration com.tourguide.pricer.TourGuidePricerApplication for test class com.tourguide.pricer.TourGuidePricerApplicationTests
2022-01-28 22:45:22.984  INFO 823 --- [    Test worker] .b.t.c.SpringBootTestContextBootstrapper : Loaded default TestExecutionListener class names from location [META-INF/spring.factories]: [org.springframework.boot.test.autoconfigure.restdocs.RestDocsTestExecutionListener, org.springframework.boot.test.autoconfigure.web.client.MockRestServiceServerResetTestExecutionListener, org.springframework.boot.test.autoconfigure.web.servlet.MockMvcPrintOnlyOnFailureTestExecutionListener, org.springframework.boot.test.autoconfigure.web.servlet.WebDriverTestExecutionListener, org.springframework.boot.test.autoconfigure.webservices.client.MockWebServiceServerTestExecutionListener, org.springframework.boot.test.mock.mockito.MockitoTestExecutionListener, org.springframework.boot.test.mock.mockito.ResetMocksTestExecutionListener, org.springframework.test.context.web.ServletTestExecutionListener, org.springframework.test.context.support.DirtiesContextBeforeModesTestExecutionListener, org.springframework.test.context.event.ApplicationEventsTestExecutionListener, org.springframework.test.context.support.DependencyInjectionTestExecutionListener, org.springframework.test.context.support.DirtiesContextTestExecutionListener, org.springframework.test.context.transaction.TransactionalTestExecutionListener, org.springframework.test.context.jdbc.SqlScriptsTestExecutionListener, org.springframework.test.context.event.EventPublishingTestExecutionListener]
2022-01-28 22:45:22.985  INFO 823 --- [    Test worker] .b.t.c.SpringBootTestContextBootstrapper : Using TestExecutionListeners: [org.springframework.test.context.web.ServletTestExecutionListener@441e7905, org.springframework.test.context.support.DirtiesContextBeforeModesTestExecutionListener@66e5fb62, org.springframework.test.context.event.ApplicationEventsTestExecutionListener@36a31741, org.springframework.boot.test.mock.mockito.MockitoTestExecutionListener@18ef271, org.springframework.boot.test.autoconfigure.SpringBootDependencyInjectionTestExecutionListener@366f7514, org.springframework.test.context.support.DirtiesContextTestExecutionListener@7f18a650, org.springframework.test.context.transaction.TransactionalTestExecutionListener@51afafed, org.springframework.test.context.jdbc.SqlScriptsTestExecutionListener@27c4d2d3, org.springframework.test.context.event.EventPublishingTestExecutionListener@6a4ed4ea, org.springframework.boot.test.autoconfigure.restdocs.RestDocsTestExecutionListener@50dec5d5, org.springframework.boot.test.autoconfigure.web.client.MockRestServiceServerResetTestExecutionListener@7ca2d8e4, org.springframework.boot.test.autoconfigure.web.servlet.MockMvcPrintOnlyOnFailureTestExecutionListener@7d71dfe9, org.springframework.boot.test.autoconfigure.web.servlet.WebDriverTestExecutionListener@6104bd29, org.springframework.boot.test.autoconfigure.webservices.client.MockWebServiceServerTestExecutionListener@47523cb1, org.springframework.boot.test.mock.mockito.ResetMocksTestExecutionListener@2ddda947]
]]></system-out>
  <system-err><![CDATA[]]></system-err>
</testsuite>
