<?xml version="1.0" encoding="UTF-8"?>
<testsuite name="com.tourguide.pricer.ServiceTest" tests="1" skipped="0" failures="0" errors="0" timestamp="2022-01-28T21:45:22" hostname="iMac-de-Admin.local" time="0.054">
  <properties/>
  <testcase name="getPriceTest()" classname="com.tourguide.pricer.ServiceTest" time="0.054"/>
  <system-out><![CDATA[2022-01-28 22:45:22.906  INFO 823 --- [    Test worker] .b.t.c.SpringBootTestContextBootstrapper : Neither @ContextConfiguration nor @ContextHierarchy found for test class [com.tourguide.pricer.ServiceTest], using SpringBootContextLoader
2022-01-28 22:45:22.907  INFO 823 --- [    Test worker] o.s.t.c.support.AbstractContextLoader    : Could not detect default resource locations for test class [com.tourguide.pricer.ServiceTest]: no resource found for suffixes {-context.xml, Context.groovy}.
2022-01-28 22:45:22.908  INFO 823 --- [    Test worker] t.c.s.AnnotationConfigContextLoaderUtils : Could not detect default configuration classes for test class [com.tourguide.pricer.ServiceTest]: ServiceTest does not declare any static, non-private, non-final, nested classes annotated with @Configuration.
2022-01-28 22:45:22.909  INFO 823 --- [    Test worker] .b.t.c.SpringBootTestContextBootstrapper : Found @SpringBootConfiguration com.tourguide.pricer.TourGuidePricerApplication for test class com.tourguide.pricer.ServiceTest
2022-01-28 22:45:22.912  INFO 823 --- [    Test worker] .b.t.c.SpringBootTestContextBootstrapper : Loaded default TestExecutionListener class names from location [META-INF/spring.factories]: [org.springframework.boot.test.autoconfigure.restdocs.RestDocsTestExecutionListener, org.springframework.boot.test.autoconfigure.web.client.MockRestServiceServerResetTestExecutionListener, org.springframework.boot.test.autoconfigure.web.servlet.MockMvcPrintOnlyOnFailureTestExecutionListener, org.springframework.boot.test.autoconfigure.web.servlet.WebDriverTestExecutionListener, org.springframework.boot.test.autoconfigure.webservices.client.MockWebServiceServerTestExecutionListener, org.springframework.boot.test.mock.mockito.MockitoTestExecutionListener, org.springframework.boot.test.mock.mockito.ResetMocksTestExecutionListener, org.springframework.test.context.web.ServletTestExecutionListener, org.springframework.test.context.support.DirtiesContextBeforeModesTestExecutionListener, org.springframework.test.context.event.ApplicationEventsTestExecutionListener, org.springframework.test.context.support.DependencyInjectionTestExecutionListener, org.springframework.test.context.support.DirtiesContextTestExecutionListener, org.springframework.test.context.transaction.TransactionalTestExecutionListener, org.springframework.test.context.jdbc.SqlScriptsTestExecutionListener, org.springframework.test.context.event.EventPublishingTestExecutionListener]
2022-01-28 22:45:22.913  INFO 823 --- [    Test worker] .b.t.c.SpringBootTestContextBootstrapper : Using TestExecutionListeners: [org.springframework.test.context.web.ServletTestExecutionListener@36cffc88, org.springframework.test.context.support.DirtiesContextBeforeModesTestExecutionListener@2652af0e, org.springframework.test.context.event.ApplicationEventsTestExecutionListener@105d4230, org.springframework.boot.test.mock.mockito.MockitoTestExecutionListener@67617301, org.springframework.boot.test.autoconfigure.SpringBootDependencyInjectionTestExecutionListener@2e83f8d9, org.springframework.test.context.support.DirtiesContextTestExecutionListener@1d9a08d8, org.springframework.test.context.transaction.TransactionalTestExecutionListener@67ac8599, org.springframework.test.context.jdbc.SqlScriptsTestExecutionListener@bb90b16, org.springframework.test.context.event.EventPublishingTestExecutionListener@3acd6f88, org.springframework.boot.test.autoconfigure.restdocs.RestDocsTestExecutionListener@77dc6cc1, org.springframework.boot.test.autoconfigure.web.client.MockRestServiceServerResetTestExecutionListener@745fafee, org.springframework.boot.test.autoconfigure.web.servlet.MockMvcPrintOnlyOnFailureTestExecutionListener@37fdfbc8, org.springframework.boot.test.autoconfigure.web.servlet.WebDriverTestExecutionListener@669d6390, org.springframework.boot.test.autoconfigure.webservices.client.MockWebServiceServerTestExecutionListener@72b3a1e6, org.springframework.boot.test.mock.mockito.ResetMocksTestExecutionListener@7b1a5081]
]]></system-out>
  <system-err><![CDATA[]]></system-err>
</testsuite>
